[debug] [2019-12-16T14:09:56.096Z] ----------------------------------------------------------------------
[debug] [2019-12-16T14:09:56.098Z] Command:       /usr/local/bin/node /usr/local/bin/firebase serve
[debug] [2019-12-16T14:09:56.098Z] CLI Version:   7.10.0
[debug] [2019-12-16T14:09:56.099Z] Platform:      darwin
[debug] [2019-12-16T14:09:56.099Z] Node Version:  v10.16.3
[debug] [2019-12-16T14:09:56.105Z] Time:          Mon Dec 16 2019 15:09:56 GMT+0100 (West Africa Standard Time)
[debug] [2019-12-16T14:09:56.105Z] ----------------------------------------------------------------------
[debug] [2019-12-16T14:09:56.105Z] 
[debug] [2019-12-16T14:09:56.122Z] > command requires scopes: ["email","openid","https://www.googleapis.com/auth/cloudplatformprojects.readonly","https://www.googleapis.com/auth/firebase","https://www.googleapis.com/auth/cloud-platform"]
[debug] [2019-12-16T14:09:56.122Z] > authorizing via signed-in user
[debug] [2019-12-16T14:09:56.122Z] [iam] checking project myapp-3943c for permissions ["firebase.projects.get"]
[debug] [2019-12-16T14:09:56.124Z] > refreshing access token with scopes: ["email","https://www.googleapis.com/auth/cloud-platform","https://www.googleapis.com/auth/cloudplatformprojects.readonly","https://www.googleapis.com/auth/firebase","openid"]
[debug] [2019-12-16T14:09:56.124Z] >>> HTTP REQUEST POST https://www.googleapis.com/oauth2/v3/token  
 <request body omitted>
[debug] [2019-12-16T14:09:56.448Z] <<< HTTP RESPONSE 200
[debug] [2019-12-16T14:09:56.467Z] >>> HTTP REQUEST POST https://cloudresourcemanager.googleapis.com/v1/projects/myapp-3943c:testIamPermissions  

[debug] [2019-12-16T14:09:58.287Z] <<< HTTP RESPONSE 200
[debug] [2019-12-16T14:09:58.289Z] >>> HTTP REQUEST GET https://firebase.googleapis.com/v1beta1/projects/myapp-3943c  
 
[debug] [2019-12-16T14:10:01.977Z] <<< HTTP RESPONSE 200
[info] 
[info] === Serving from '/Users/admin/my projects/angular-tic-tac-toe'...
[info] 
[debug] [2019-12-16T14:10:01.979Z] >>> HTTP REQUEST GET https://firebase.googleapis.com/v1beta1/projects/myapp-3943c/webApps/-/config  
 
[debug] [2019-12-16T14:10:02.794Z] <<< HTTP RESPONSE 200
[info] i  hosting[myapp]: Serving hosting files from: dist/myapp
[info] ✔  hosting[myapp]: Local server: http://localhost:5000
[debug] [2019-12-16T14:35:38.063Z] ----------------------------------------------------------------------
[debug] [2019-12-16T14:35:38.064Z] Command:       /usr/local/bin/node /usr/local/bin/firebase serve
[debug] [2019-12-16T14:35:38.065Z] CLI Version:   7.10.0
[debug] [2019-12-16T14:35:38.065Z] Platform:      darwin
[debug] [2019-12-16T14:35:38.065Z] Node Version:  v10.16.3
[debug] [2019-12-16T14:35:38.066Z] Time:          Mon Dec 16 2019 15:35:38 GMT+0100 (West Africa Standard Time)
[debug] [2019-12-16T14:35:38.066Z] ----------------------------------------------------------------------
[debug] [2019-12-16T14:35:38.066Z] 
[debug] [2019-12-16T14:35:38.085Z] > command requires scopes: ["email","openid","https://www.googleapis.com/auth/cloudplatformprojects.readonly","https://www.googleapis.com/auth/firebase","https://www.googleapis.com/auth/cloud-platform"]
[debug] [2019-12-16T14:35:38.085Z] > authorizing via signed-in user
[debug] [2019-12-16T14:35:38.085Z] [iam] checking project myapp-3943c for permissions ["firebase.projects.get"]
[debug] [2019-12-16T14:35:38.087Z] >>> HTTP REQUEST POST https://cloudresourcemanager.googleapis.com/v1/projects/myapp-3943c:testIamPermissions  

[debug] [2019-12-16T14:35:39.820Z] <<< HTTP RESPONSE 200
[debug] [2019-12-16T14:35:39.822Z] >>> HTTP REQUEST GET https://firebase.googleapis.com/v1beta1/projects/myapp-3943c  
 
[debug] [2019-12-16T14:35:40.433Z] <<< HTTP RESPONSE 200
[info] 
[info] === Serving from '/Users/admin/my projects/angular-tic-tac-toe'...
[info] 
[debug] [2019-12-16T14:35:40.436Z] >>> HTTP REQUEST GET https://firebase.googleapis.com/v1beta1/projects/myapp-3943c/webApps/-/config  
 
[debug] [2019-12-16T14:35:41.093Z] <<< HTTP RESPONSE 200
[info] i  hosting[myapp]: Serving hosting files from: dist/myapp
[info] ✔  hosting[myapp]: Local server: http://localhost:5000
